pulso/modules/pulso-widget/android/build/intermediates/manifest_merge_blame_file/debug/processDebugManifest/manifest-merger-blame-debug-report.txt
1<?xml version="1.0" encoding="utf-8"?>
2<manifest xmlns:android="http://schemas.android.com/apk/res/android"
3    package="expo.modules.pulsowidget" >
4
5    <uses-sdk android:minSdkVersion="24" />
6
7    <application>
7-->src\main\AndroidManifest.xml:2:3-54:17
8        <receiver
8-->src\main\AndroidManifest.xml:3:5-17:16
9            android:name="expo.modules.pulsowidget.PulsoWidgetLargeProvider"
9-->src\main\AndroidManifest.xml:4:9-73
10            android:exported="false"
10-->src\main\AndroidManifest.xml:5:9-33
11            android:label="@string/pulso_widget_large_label" >
11-->src\main\AndroidManifest.xml:6:9-57
12            <intent-filter>
12-->src\main\AndroidManifest.xml:7:7-13:23
13                <action android:name="android.appwidget.action.APPWIDGET_UPDATE" />
13-->src\main\AndroidManifest.xml:8:9-76
13-->src\main\AndroidManifest.xml:8:17-73
14                <action android:name="expo.modules.pulsowidget.REST_ADD" />
14-->src\main\AndroidManifest.xml:9:9-68
14-->src\main\AndroidManifest.xml:9:17-65
15                <action android:name="expo.modules.pulsowidget.REST_REDUCE" />
15-->src\main\AndroidManifest.xml:10:9-71
15-->src\main\AndroidManifest.xml:10:17-68
16                <action android:name="expo.modules.pulsowidget.REST_SKIP" />
16-->src\main\AndroidManifest.xml:11:9-69
16-->src\main\AndroidManifest.xml:11:17-66
17                <action android:name="expo.modules.pulsowidget.REST_ELAPSED" />
17-->src\main\AndroidManifest.xml:12:9-72
17-->src\main\AndroidManifest.xml:12:17-69
18            </intent-filter>
19
20            <meta-data
20-->src\main\AndroidManifest.xml:14:7-16:61
21                android:name="android.appwidget.provider"
21-->src\main\AndroidManifest.xml:15:11-52
22                android:resource="@xml/pulso_widget_large_info" />
22-->src\main\AndroidManifest.xml:16:11-58
23        </receiver>
24        <receiver
24-->src\main\AndroidManifest.xml:19:5-29:16
25            android:name="expo.modules.pulsowidget.PulsoWidgetSmallProvider"
25-->src\main\AndroidManifest.xml:20:9-73
26            android:exported="false"
26-->src\main\AndroidManifest.xml:21:9-33
27            android:label="@string/pulso_widget_small_label" >
27-->src\main\AndroidManifest.xml:22:9-57
28            <intent-filter>
28-->src\main\AndroidManifest.xml:23:7-25:23
29                <action android:name="android.appwidget.action.APPWIDGET_UPDATE" />
29-->src\main\AndroidManifest.xml:8:9-76
29-->src\main\AndroidManifest.xml:8:17-73
30            </intent-filter>
31
32            <meta-data
32-->src\main\AndroidManifest.xml:14:7-16:61
33                android:name="android.appwidget.provider"
33-->src\main\AndroidManifest.xml:15:11-52
34                android:resource="@xml/pulso_widget_small_info" />
34-->src\main\AndroidManifest.xml:16:11-58
35        </receiver>
36        <receiver
36-->src\main\AndroidManifest.xml:31:5-41:16
37            android:name="expo.modules.pulsowidget.PulsoWidgetDashboardProvider"
37-->src\main\AndroidManifest.xml:32:9-77
38            android:exported="false"
38-->src\main\AndroidManifest.xml:33:9-33
39            android:label="@string/pulso_widget_dashboard_label" >
39-->src\main\AndroidManifest.xml:34:9-61
40            <intent-filter>
40-->src\main\AndroidManifest.xml:23:7-25:23
41                <action android:name="android.appwidget.action.APPWIDGET_UPDATE" />
41-->src\main\AndroidManifest.xml:8:9-76
41-->src\main\AndroidManifest.xml:8:17-73
42            </intent-filter>
43
44            <meta-data
44-->src\main\AndroidManifest.xml:14:7-16:61
45                android:name="android.appwidget.provider"
45-->src\main\AndroidManifest.xml:15:11-52
46                android:resource="@xml/pulso_widget_dashboard_info" />
46-->src\main\AndroidManifest.xml:16:11-58
47        </receiver>
48        <receiver
48-->src\main\AndroidManifest.xml:43:5-53:16
49            android:name="expo.modules.pulsowidget.PulsoWidgetSessionProvider"
49-->src\main\AndroidManifest.xml:44:9-75
50            android:exported="false"
50-->src\main\AndroidManifest.xml:45:9-33
51            android:label="@string/pulso_widget_session_label" >
51-->src\main\AndroidManifest.xml:46:9-59
52            <intent-filter>
52-->src\main\AndroidManifest.xml:23:7-25:23
53                <action android:name="android.appwidget.action.APPWIDGET_UPDATE" />
53-->src\main\AndroidManifest.xml:8:9-76
53-->src\main\AndroidManifest.xml:8:17-73
54            </intent-filter>
55
56            <meta-data
56-->src\main\AndroidManifest.xml:14:7-16:61
57                android:name="android.appwidget.provider"
57-->src\main\AndroidManifest.xml:15:11-52
58                android:resource="@xml/pulso_widget_session_info" />
58-->src\main\AndroidManifest.xml:16:11-58
59        </receiver>
60    </application>
61
62</manifest>